0 info it worked if it ends with ok
1 verbose cli [ 'C:\\Program Files\\nodejs\\\\node.exe',
1 verbose cli   'C:\\Program Files\\nodejs\\node_modules\\npm\\bin\\npm-cli.js',
1 verbose cli   'install',
1 verbose cli   '-g',
1 verbose cli   'ios-sim' ]
2 info using npm@2.11.3
3 info using node@v0.12.7
4 verbose install initial load of C:\Users\abhinay\AppData\Roaming\npm\package.json
5 verbose readDependencies loading dependencies from C:\Users\abhinay\AppData\Roaming\npm\package.json
6 silly cache add args [ 'ios-sim', null ]
7 verbose cache add spec ios-sim
8 silly cache add parsed spec { raw: 'ios-sim',
8 silly cache add   scope: null,
8 silly cache add   name: 'ios-sim',
8 silly cache add   rawSpec: '',
8 silly cache add   spec: '*',
8 silly cache add   type: 'range' }
9 silly addNamed ios-sim@*
10 verbose addNamed "*" is a valid semver range for ios-sim
11 silly addNameRange { name: 'ios-sim', range: '*', hasData: false }
12 silly mapToRegistry name ios-sim
13 silly mapToRegistry using default registry
14 silly mapToRegistry registry https://registry.npmjs.org/
15 silly mapToRegistry uri https://registry.npmjs.org/ios-sim
16 verbose addNameRange registry:https://registry.npmjs.org/ios-sim not in flight; fetching
17 verbose request uri https://registry.npmjs.org/ios-sim
18 verbose request no auth needed
19 info attempt registry request try #1 at 5:00:18 AM
20 verbose request id 95bd54ef6f93214a
21 verbose etag "A2RR1AGYM7090JA29QJV90SII"
22 http request GET https://registry.npmjs.org/ios-sim
23 http 304 https://registry.npmjs.org/ios-sim
24 silly get cb [ 304,
24 silly get   { date: 'Tue, 25 Aug 2015 23:30:22 GMT',
24 silly get     via: '1.1 varnish',
24 silly get     'cache-control': 'max-age=60',
24 silly get     etag: '"A2RR1AGYM7090JA29QJV90SII"',
24 silly get     age: '0',
24 silly get     connection: 'keep-alive',
24 silly get     'x-served-by': 'cache-sin6920-SIN',
24 silly get     'x-cache': 'MISS',
24 silly get     'x-cache-hits': '0',
24 silly get     'x-timer': 'S1440545422.839931,VS0,VE209',
24 silly get     vary: 'Accept' } ]
25 verbose etag https://registry.npmjs.org/ios-sim from cache
26 verbose get saving ios-sim to C:\Users\abhinay\AppData\Roaming\npm-cache\registry.npmjs.org\ios-sim\.cache.json
27 silly addNameRange number 2 { name: 'ios-sim', range: '*', hasData: true }
28 silly addNameRange versions [ 'ios-sim',
28 silly addNameRange   [ '1.8.0',
28 silly addNameRange     '1.8.1',
28 silly addNameRange     '1.8.2',
28 silly addNameRange     '1.9.0',
28 silly addNameRange     '2.0.0',
28 silly addNameRange     '2.0.1',
28 silly addNameRange     '3.0.0',
28 silly addNameRange     '3.1.0',
28 silly addNameRange     '3.1.1',
28 silly addNameRange     '4.1.0',
28 silly addNameRange     '4.1.1',
28 silly addNameRange     '3.2.0' ] ]
29 silly addNamed ios-sim@4.1.1
30 verbose addNamed "4.1.1" is a plain semver version for ios-sim
31 silly cache afterAdd ios-sim@4.1.1
32 verbose afterAdd C:\Users\abhinay\AppData\Roaming\npm-cache\ios-sim\4.1.1\package\package.json not in flight; writing
33 verbose afterAdd C:\Users\abhinay\AppData\Roaming\npm-cache\ios-sim\4.1.1\package\package.json written
34 silly install resolved [ { name: 'ios-sim',
34 silly install resolved     version: '4.1.1',
34 silly install resolved     os: [ 'darwin' ],
34 silly install resolved     preferGlobal: 'true',
34 silly install resolved     description: 'launch iOS apps into the iOS Simulator from the command line (Xcode 6.0+)',
34 silly install resolved     main: 'ios-sim',
34 silly install resolved     repository:
34 silly install resolved      { type: 'git',
34 silly install resolved        url: 'git+https://github.com/phonegap/ios-sim.git' },
34 silly install resolved     engines: { node: '>=0.10.0' },
34 silly install resolved     keywords: [ 'ios-sim', 'iOS Simulator' ],
34 silly install resolved     bin: { 'ios-sim': './bin/ios-sim' },
34 silly install resolved     bugs: { url: 'https://github.com/phonegap/ios-sim/issues' },
34 silly install resolved     author: { name: 'Shazron Abdullah' },
34 silly install resolved     license: 'MIT',
34 silly install resolved     dependencies: { simctl: '^0.0.6', nopt: '1.0.9', 'bplist-parser': '^0.0.6' },
34 silly install resolved     gitHead: 'a0f2e2d8e4deca377b70041f3cbb2a529f6fa5e5',
34 silly install resolved     homepage: 'https://github.com/phonegap/ios-sim',
34 silly install resolved     _id: 'ios-sim@4.1.1',
34 silly install resolved     scripts: {},
34 silly install resolved     _shasum: '3458eca5e5d5e97ae11f19e35f6768584dcbf7cd',
34 silly install resolved     _from: 'ios-sim@*',
34 silly install resolved     _npmVersion: '2.5.1',
34 silly install resolved     _nodeVersion: '0.12.0',
34 silly install resolved     _npmUser: { name: 'shazron', email: 'shazron@gmail.com' },
34 silly install resolved     maintainers: [ [Object], [Object], [Object] ],
34 silly install resolved     dist:
34 silly install resolved      { shasum: '3458eca5e5d5e97ae11f19e35f6768584dcbf7cd',
34 silly install resolved        tarball: 'http://registry.npmjs.org/ios-sim/-/ios-sim-4.1.1.tgz' },
34 silly install resolved     directories: {},
34 silly install resolved     _resolved: 'https://registry.npmjs.org/ios-sim/-/ios-sim-4.1.1.tgz',
34 silly install resolved     readme: 'ERROR: No README data found!' } ]
35 info install ios-sim@4.1.1 into C:\Users\abhinay\AppData\Roaming\npm
36 info installOne ios-sim@4.1.1
37 verbose installOne of ios-sim to C:\Users\abhinay\AppData\Roaming\npm not in flight; installing
38 verbose lock using C:\Users\abhinay\AppData\Roaming\npm-cache\_locks\ios-sim-6f4e3a8658e3c430.lock for C:\Users\abhinay\AppData\Roaming\npm\node_modules\ios-sim
39 verbose unlock done using C:\Users\abhinay\AppData\Roaming\npm-cache\_locks\ios-sim-6f4e3a8658e3c430.lock for C:\Users\abhinay\AppData\Roaming\npm\node_modules\ios-sim
40 verbose stack Error: Unsupported
40 verbose stack     at checkPlatform (C:\Program Files\nodejs\node_modules\npm\node_modules\npm-install-checks\index.js:47:14)
40 verbose stack     at Array.<anonymous> (C:\Program Files\nodejs\node_modules\npm\node_modules\slide\lib\bind-actor.js:15:8)
40 verbose stack     at LOOP (C:\Program Files\nodejs\node_modules\npm\node_modules\slide\lib\chain.js:15:14)
40 verbose stack     at C:\Program Files\nodejs\node_modules\npm\node_modules\slide\lib\chain.js:18:7
40 verbose stack     at checkEngine (C:\Program Files\nodejs\node_modules\npm\node_modules\npm-install-checks\index.js:26:10)
40 verbose stack     at Array.<anonymous> (C:\Program Files\nodejs\node_modules\npm\node_modules\slide\lib\bind-actor.js:15:8)
40 verbose stack     at LOOP (C:\Program Files\nodejs\node_modules\npm\node_modules\slide\lib\chain.js:15:14)
40 verbose stack     at chain (C:\Program Files\nodejs\node_modules\npm\node_modules\slide\lib\chain.js:20:5)
40 verbose stack     at C:\Program Files\nodejs\node_modules\npm\lib\install.js:1037:5
40 verbose stack     at C:\Program Files\nodejs\node_modules\npm\lib\utils\locker.js:40:9
41 verbose pkgid ios-sim@4.1.1
42 verbose cwd C:\Users\abhinay\Documents\sharingsmileApp-ios
43 error Windows_NT 6.3.9600
44 error argv "C:\\Program Files\\nodejs\\\\node.exe" "C:\\Program Files\\nodejs\\node_modules\\npm\\bin\\npm-cli.js" "install" "-g" "ios-sim"
45 error node v0.12.7
46 error npm  v2.11.3
47 error code EBADPLATFORM
48 error notsup Unsupported
48 error notsup Not compatible with your operating system or architecture: ios-sim@4.1.1
48 error notsup Valid OS:    darwin
48 error notsup Valid Arch:  any
48 error notsup Actual OS:   win32
48 error notsup Actual Arch: x64
49 verbose exit [ 1, true ]
